<?xml version="1.0" encoding="UTF-8"?>
<!-- Generated by org.testng.reporters.JUnitReportReporter -->
<testsuite hostname="CDC2-D-CJ4SXJ2" name="myfirst.NewTest" tests="1" failures="0" timestamp="12 Nov 2019 11:59:18 GMT" time="0.009" errors="0">
  <testcase name="f" time="0.009" classname="myfirst.NewTest"/>
</testsuite> <!-- myfirst.NewTest -->
